TN:
SF:__tests__/config/constants.ts
FNF:0
FNH:0
DA:1,3
DA:2,3
DA:3,3
DA:4,3
DA:5,3
DA:8,3
DA:9,3
DA:10,3
DA:11,3
DA:13,3
DA:15,3
DA:16,3
DA:17,3
DA:18,3
DA:24,3
DA:25,3
DA:30,3
DA:55,3
DA:60,3
DA:102,3
DA:107,3
DA:112,3
LF:22
LH:22
BRF:0
BRH:0
end_of_record
TN:
SF:src/TemporaryTestComponent.tsx
FN:4,(anonymous_0)
FN:10,(anonymous_1)
FNF:2
FNH:2
FNDA:2,(anonymous_0)
FNDA:1,(anonymous_1)
DA:1,1
DA:4,1
DA:8,2
DA:10,2
DA:11,1
DA:14,2
LF:6
LH:6
BRDA:17,0,0,1
BRDA:17,0,1,1
BRF:2
BRH:2
end_of_record
TN:
SF:src/store.tsx
FN:45,(anonymous_1)
FNF:1
FNH:1
FNDA:2,(anonymous_1)
DA:1,2
DA:2,2
DA:3,2
DA:4,2
DA:15,2
DA:16,2
DA:17,2
DA:18,2
DA:19,2
DA:20,2
DA:21,2
DA:22,2
DA:24,2
DA:35,2
DA:41,2
DA:43,2
DA:45,2
DA:54,2
LF:18
LH:18
BRF:0
BRH:0
end_of_record
TN:
SF:src/admin/interfaces/admin.ts
FN:32,(anonymous_0)
FN:40,(anonymous_1)
FNF:2
FNH:2
FNDA:2,(anonymous_0)
FNDA:2,(anonymous_1)
DA:32,2
DA:33,2
DA:34,2
DA:35,2
DA:36,2
DA:37,2
DA:40,2
DA:41,2
DA:42,2
DA:43,2
DA:44,2
DA:45,2
DA:46,2
DA:47,2
DA:48,2
DA:49,2
DA:50,2
DA:51,2
DA:52,2
DA:53,2
LF:20
LH:20
BRDA:32,0,0,2
BRDA:32,0,1,2
BRDA:40,1,0,2
BRDA:40,1,1,2
BRF:4
BRH:4
end_of_record
TN:
SF:src/admin/interfaces/index.ts
FN:5,(anonymous_0)
FN:6,(anonymous_1)
FNF:2
FNH:1
FNDA:6,(anonymous_0)
FNDA:0,(anonymous_1)
DA:1,2
DA:5,8
DA:6,2
LF:3
LH:3
BRF:0
BRH:0
end_of_record
TN:
SF:src/interfaces/movieInterface.ts
FN:39,(anonymous_0)
FNF:1
FNH:1
FNDA:2,(anonymous_0)
DA:39,2
DA:40,2
DA:41,2
DA:42,2
DA:43,2
LF:5
LH:5
BRDA:39,0,0,2
BRDA:39,0,1,2
BRF:2
BRH:2
end_of_record
TN:
SF:src/interfaces/status.ts
FN:1,(anonymous_0)
FNF:1
FNH:1
FNDA:3,(anonymous_0)
DA:1,3
DA:2,3
DA:3,3
DA:4,3
DA:5,3
DA:6,3
LF:6
LH:6
BRDA:1,0,0,3
BRDA:1,0,1,3
BRF:2
BRH:2
end_of_record
TN:
SF:src/services/httpService.ts
FN:9,(anonymous_1)
FN:14,(anonymous_2)
FN:19,(anonymous_3)
FN:22,(anonymous_4)
FN:27,(anonymous_5)
FN:36,(anonymous_6)
FN:39,(anonymous_7)
FN:44,(anonymous_8)
FN:50,(anonymous_9)
FN:53,(anonymous_10)
FN:58,(anonymous_11)
FN:64,(anonymous_12)
FN:67,(anonymous_13)
FN:72,(anonymous_14)
FN:77,(anonymous_15)
FN:80,(anonymous_16)
FNF:16
FNH:0
FNDA:0,(anonymous_1)
FNDA:0,(anonymous_2)
FNDA:0,(anonymous_3)
FNDA:0,(anonymous_4)
FNDA:0,(anonymous_5)
FNDA:0,(anonymous_6)
FNDA:0,(anonymous_7)
FNDA:0,(anonymous_8)
FNDA:0,(anonymous_9)
FNDA:0,(anonymous_10)
FNDA:0,(anonymous_11)
FNDA:0,(anonymous_12)
FNDA:0,(anonymous_13)
FNDA:0,(anonymous_14)
FNDA:0,(anonymous_15)
FNDA:0,(anonymous_16)
DA:2,2
DA:5,2
DA:7,2
DA:9,2
DA:10,0
DA:13,2
DA:15,0
DA:20,0
DA:23,0
DA:28,0
DA:37,0
DA:40,0
DA:45,0
DA:51,0
DA:54,0
DA:59,0
DA:65,0
DA:68,0
DA:73,0
DA:78,0
DA:81,0
LF:21
LH:5
BRDA:14,0,0,0
BRDA:27,1,0,0
BRDA:44,2,0,0
BRDA:58,3,0,0
BRDA:72,4,0,0
BRF:5
BRH:0
end_of_record
TN:
SF:src/sharedComponents/Circular/Circular.tsx
FN:5,(anonymous_1)
FNF:1
FNH:0
FNDA:0,(anonymous_1)
DA:1,1
DA:3,1
DA:5,1
DA:6,0
DA:7,0
LF:5
LH:3
BRF:0
BRH:0
end_of_record
TN:
SF:src/sharedComponents/Circular/index.ts
FN:1,(anonymous_0)
FNF:1
FNH:1
FNDA:3,(anonymous_0)
DA:1,4
LF:1
LH:1
BRF:0
BRH:0
end_of_record
TN:
SF:src/sharedComponents/Circular/styles.ts
FN:3,(anonymous_0)
FNF:1
FNH:0
FNDA:0,(anonymous_0)
DA:1,1
DA:3,1
LF:2
LH:2
BRF:0
BRH:0
end_of_record
TN:
SF:src/sharedComponents/GoToMainPageButton/GoToMainPageButton.tsx
FN:6,(anonymous_0)
FN:10,(anonymous_1)
FNF:2
FNH:0
FNDA:0,(anonymous_0)
FNDA:0,(anonymous_1)
DA:1,1
DA:3,1
DA:4,1
DA:6,1
DA:7,0
DA:8,0
DA:10,0
DA:11,0
DA:14,0
LF:9
LH:4
BRF:0
BRH:0
end_of_record
TN:
SF:src/sharedComponents/GoToMainPageButton/index.ts
FN:1,(anonymous_0)
FNF:1
FNH:1
FNDA:2,(anonymous_0)
DA:1,3
LF:1
LH:1
BRF:0
BRH:0
end_of_record
TN:
SF:src/user/api/cart.ts
FN:7,(anonymous_1)
FN:11,(anonymous_2)
FN:25,(anonymous_3)
FNF:3
FNH:0
FNDA:0,(anonymous_1)
FNDA:0,(anonymous_2)
FNDA:0,(anonymous_3)
DA:3,2
DA:4,2
DA:7,2
DA:8,0
DA:11,2
DA:17,0
DA:25,2
DA:26,0
LF:8
LH:5
BRF:0
BRH:0
end_of_record
TN:
SF:src/user/api/favorites.ts
FN:7,(anonymous_1)
FN:11,(anonymous_2)
FN:21,(anonymous_3)
FNF:3
FNH:0
FNDA:0,(anonymous_1)
FNDA:0,(anonymous_2)
FNDA:0,(anonymous_3)
DA:3,2
DA:4,2
DA:7,2
DA:8,0
DA:11,2
DA:15,0
DA:21,2
DA:25,0
LF:8
LH:5
BRF:0
BRH:0
end_of_record
TN:
SF:src/user/api/login.ts
FN:6,(anonymous_1)
FNF:1
FNH:0
FNDA:0,(anonymous_1)
DA:2,2
DA:3,2
DA:6,2
DA:7,0
DA:11,0
LF:5
LH:3
BRF:0
BRH:0
end_of_record
TN:
SF:src/user/api/logout.ts
FN:5,(anonymous_1)
FNF:1
FNH:0
FNDA:0,(anonymous_1)
DA:2,2
DA:3,2
DA:5,2
DA:6,0
DA:7,0
LF:5
LH:3
BRF:0
BRH:0
end_of_record
TN:
SF:src/user/api/myMovies.ts
FN:6,(anonymous_1)
FNF:1
FNH:0
FNDA:0,(anonymous_1)
DA:3,2
DA:4,2
DA:6,2
DA:7,0
LF:4
LH:3
BRF:0
BRH:0
end_of_record
TN:
SF:src/user/api/myOrders.ts
FN:6,(anonymous_1)
FN:12,(anonymous_2)
FNF:2
FNH:0
FNDA:0,(anonymous_1)
FNDA:0,(anonymous_2)
DA:3,2
DA:4,2
DA:6,2
DA:7,0
DA:12,2
DA:13,0
LF:6
LH:4
BRF:0
BRH:0
end_of_record
TN:
SF:src/user/api/registration.ts
FN:6,(anonymous_1)
FNF:1
FNH:0
FNDA:0,(anonymous_1)
DA:2,2
DA:3,2
DA:6,2
DA:11,0
DA:16,0
LF:5
LH:3
BRF:0
BRH:0
end_of_record
TN:
SF:src/user/api/search-filter.ts
FN:5,(anonymous_1)
FNF:1
FNH:0
FNDA:0,(anonymous_1)
DA:2,2
DA:3,2
DA:5,2
DA:6,0
LF:4
LH:3
BRF:0
BRH:0
end_of_record
TN:
SF:src/user/businessLogic/cart.ts
FN:13,(anonymous_1)
FN:30,(anonymous_2)
FN:58,(anonymous_3)
FNF:3
FNH:0
FNDA:0,(anonymous_1)
FNDA:0,(anonymous_2)
FNDA:0,(anonymous_3)
DA:1,2
DA:8,2
DA:9,2
DA:10,2
DA:13,2
DA:14,0
DA:15,0
DA:16,0
DA:17,0
DA:19,0
DA:26,0
DA:30,2
DA:36,0
DA:37,0
DA:38,0
DA:39,0
DA:41,0
DA:54,0
DA:58,2
DA:62,0
DA:63,0
DA:64,0
DA:68,0
DA:70,0
DA:81,0
LF:25
LH:7
BRF:0
BRH:0
end_of_record
TN:
SF:src/user/businessLogic/favorites.ts
FN:12,(anonymous_1)
FN:29,(anonymous_2)
FN:50,(anonymous_3)
FNF:3
FNH:0
FNDA:0,(anonymous_1)
FNDA:0,(anonymous_2)
FNDA:0,(anonymous_3)
DA:1,2
DA:7,2
DA:8,2
DA:9,2
DA:12,2
DA:13,0
DA:14,0
DA:15,0
DA:16,0
DA:18,0
DA:25,0
DA:29,2
DA:33,0
DA:34,0
DA:35,0
DA:36,0
DA:38,0
DA:46,0
DA:50,2
DA:54,0
DA:55,0
DA:56,0
DA:60,0
DA:62,0
DA:73,0
LF:25
LH:7
BRF:0
BRH:0
end_of_record
TN:
SF:src/user/businessLogic/login.ts
FN:4,(anonymous_0)
FNF:1
FNH:0
FNDA:0,(anonymous_0)
DA:2,2
DA:4,2
DA:5,0
DA:6,0
LF:4
LH:2
BRF:0
BRH:0
end_of_record
TN:
SF:src/user/businessLogic/logout.ts
FN:4,(anonymous_0)
FNF:1
FNH:0
FNDA:0,(anonymous_0)
DA:2,2
DA:4,2
DA:5,0
DA:6,0
LF:4
LH:2
BRF:0
BRH:0
end_of_record
TN:
SF:src/user/businessLogic/myMovies.ts
FN:8,(anonymous_1)
FNF:1
FNH:0
FNDA:0,(anonymous_1)
DA:2,2
DA:3,2
DA:4,2
DA:5,2
DA:8,2
DA:9,0
DA:10,0
DA:11,0
DA:12,0
DA:13,0
DA:15,0
DA:22,0
LF:12
LH:5
BRF:0
BRH:0
end_of_record
TN:
SF:src/user/businessLogic/myOrders.ts
FN:17,(anonymous_1)
FN:35,(anonymous_2)
FN:43,(anonymous_3)
FN:45,(anonymous_4)
FN:48,(anonymous_5)
FNF:5
FNH:0
FNDA:0,(anonymous_1)
FNDA:0,(anonymous_2)
FNDA:0,(anonymous_3)
FNDA:0,(anonymous_4)
FNDA:0,(anonymous_5)
DA:2,2
DA:3,2
DA:4,2
DA:5,2
DA:17,2
DA:18,0
DA:19,0
DA:20,0
DA:21,0
DA:23,0
DA:31,0
DA:35,2
DA:36,0
DA:37,0
DA:40,0
DA:42,0
DA:43,0
DA:45,0
DA:48,0
DA:51,0
DA:53,0
DA:61,0
LF:22
LH:6
BRF:0
BRH:0
end_of_record
TN:
SF:src/user/businessLogic/registration.ts
FN:5,(anonymous_0)
FNF:1
FNH:0
FNDA:0,(anonymous_0)
DA:2,2
DA:5,2
DA:10,0
LF:3
LH:2
BRF:0
BRH:0
end_of_record
TN:
SF:src/user/businessLogic/searchFilter.ts
FN:8,(anonymous_1)
FNF:1
FNH:0
FNDA:0,(anonymous_1)
DA:1,2
DA:3,2
DA:4,2
DA:5,2
DA:8,2
DA:9,0
DA:10,0
DA:13,0
DA:14,0
DA:16,0
DA:23,0
LF:11
LH:5
BRF:0
BRH:0
end_of_record
TN:
SF:src/user/components/userProfile/MyMovies/MyMovieItem.tsx
FN:25,(anonymous_7)
FN:42,(anonymous_8)
FN:45,(anonymous_9)
FN:51,(anonymous_10)
FN:52,(anonymous_11)
FN:57,(anonymous_12)
FN:60,(anonymous_13)
FN:65,(anonymous_14)
FNF:8
FNH:7
FNDA:13,(anonymous_7)
FNDA:2,(anonymous_8)
FNDA:1,(anonymous_9)
FNDA:1,(anonymous_10)
FNDA:0,(anonymous_11)
FNDA:1,(anonymous_12)
FNDA:1,(anonymous_13)
FNDA:1,(anonymous_14)
DA:1,2
DA:2,2
DA:3,2
DA:4,2
DA:5,2
DA:6,2
DA:7,2
DA:8,2
DA:9,2
DA:10,2
DA:25,2
DA:34,13
DA:35,13
DA:36,13
DA:37,13
DA:40,13
DA:41,13
DA:42,13
DA:43,2
DA:45,13
DA:46,1
DA:48,13
DA:49,13
DA:51,13
DA:52,1
DA:53,0
DA:54,0
DA:57,13
DA:58,1
DA:59,1
DA:60,1
DA:61,1
DA:65,13
DA:66,1
DA:69,13
LF:35
LH:33
BRDA:49,0,0,2
BRDA:49,0,1,11
BRDA:91,1,0,1
BRDA:91,1,1,12
BRDA:98,2,0,13
BRDA:98,2,1,2
BRF:6
BRH:6
end_of_record
TN:
SF:src/user/components/userProfile/MyMovies/MyMovies.tsx
FN:15,(anonymous_0)
FN:21,(anonymous_1)
FN:37,(anonymous_2)
FNF:3
FNH:2
FNDA:10,(anonymous_0)
FNDA:0,(anonymous_1)
FNDA:1,(anonymous_2)
DA:1,1
DA:2,1
DA:3,1
DA:5,1
DA:6,1
DA:7,1
DA:8,1
DA:9,1
DA:10,1
DA:11,1
DA:12,1
DA:13,1
DA:15,1
DA:16,10
DA:17,10
DA:18,10
DA:19,10
DA:20,10
DA:21,10
DA:22,0
DA:25,10
DA:26,2
DA:28,8
DA:29,2
DA:32,6
DA:33,1
DA:38,1
DA:54,5
LF:28
LH:27
BRDA:25,0,0,2
BRDA:28,1,0,2
BRDA:32,2,0,1
BRF:3
BRH:3
end_of_record
TN:
SF:src/user/components/userProfile/MyMovies/MyMoviesIsEmpty.tsx
FN:6,(anonymous_0)
FNF:1
FNH:1
FNDA:1,(anonymous_0)
DA:2,2
DA:3,2
DA:4,2
DA:6,2
DA:7,1
DA:8,1
DA:10,1
LF:7
LH:7
BRF:0
BRH:0
end_of_record
TN:
SF:src/user/components/userProfile/MyMovies/index.ts
FN:1,(anonymous_0)
FNF:1
FNH:1
FNDA:10,(anonymous_0)
DA:1,11
LF:1
LH:1
BRF:0
BRH:0
end_of_record
TN:
SF:src/user/components/userProfile/MyMovies/styles.ts
FN:3,(anonymous_0)
FNF:1
FNH:1
FNDA:3,(anonymous_0)
DA:1,3
DA:3,3
LF:2
LH:2
BRF:0
BRH:0
end_of_record
TN:
SF:src/user/constants/constants.ts
FNF:0
FNH:0
DA:1,3
DA:14,3
LF:2
LH:2
BRF:0
BRH:0
end_of_record
TN:
SF:src/user/constants/constantsModal.ts
FN:3,(anonymous_0)
FNF:1
FNH:1
FNDA:3,(anonymous_0)
DA:3,3
DA:4,3
DA:5,3
DA:8,3
LF:4
LH:4
BRDA:3,0,0,3
BRDA:3,0,1,3
BRF:2
BRH:2
end_of_record
TN:
SF:src/user/constants/index.ts
FN:1,(anonymous_0)
FN:1,(anonymous_1)
FNF:2
FNH:1
FNDA:1,(anonymous_0)
FNDA:0,(anonymous_1)
DA:1,4
LF:1
LH:1
BRF:0
BRH:0
end_of_record
TN:
SF:src/user/store/selectors/auth.ts
FN:4,(anonymous_0)
FN:6,(anonymous_1)
FN:7,(anonymous_2)
FN:8,(anonymous_3)
FN:9,(anonymous_4)
FNF:5
FNH:0
FNDA:0,(anonymous_0)
FNDA:0,(anonymous_1)
FNDA:0,(anonymous_2)
FNDA:0,(anonymous_3)
FNDA:0,(anonymous_4)
DA:1,1
DA:4,1
DA:6,1
DA:7,1
DA:8,1
DA:9,1
LF:6
LH:6
BRF:0
BRH:0
end_of_record
TN:
SF:src/user/store/selectors/myMovies.ts
FN:7,(anonymous_0)
FN:9,(anonymous_1)
FNF:2
FNH:1
FNDA:5,(anonymous_0)
FNDA:0,(anonymous_1)
DA:1,2
DA:7,5
DA:9,2
LF:3
LH:3
BRF:0
BRH:0
end_of_record
TN:
SF:src/user/store/slices/authSlice.ts
FN:13,(anonymous_1)
FN:22,(anonymous_2)
FN:29,(anonymous_3)
FN:44,(anonymous_4)
FN:48,(anonymous_5)
FN:50,(anonymous_6)
FN:72,(anonymous_7)
FN:75,(anonymous_8)
FN:83,(anonymous_9)
FNF:9
FNH:1
FNDA:0,(anonymous_1)
FNDA:0,(anonymous_2)
FNDA:0,(anonymous_3)
FNDA:0,(anonymous_4)
FNDA:2,(anonymous_5)
FNDA:0,(anonymous_6)
FNDA:0,(anonymous_7)
FNDA:0,(anonymous_8)
FNDA:0,(anonymous_9)
DA:1,2
DA:2,2
DA:3,2
DA:5,2
DA:6,2
DA:7,2
DA:9,2
DA:11,2
DA:14,0
DA:22,2
DA:23,0
DA:29,2
DA:30,0
DA:33,2
DA:40,2
DA:45,0
DA:49,2
DA:51,0
DA:52,0
DA:53,0
DA:55,0
DA:56,0
DA:59,0
DA:62,0
DA:64,0
DA:65,0
DA:67,0
DA:70,0
DA:73,0
DA:76,0
DA:77,0
DA:78,0
DA:80,0
DA:84,0
DA:89,2
DA:91,2
LF:36
LH:15
BRDA:52,0,0,0
BRDA:53,1,0,0
BRDA:53,1,1,0
BRDA:53,1,2,0
BRDA:53,1,3,0
BRDA:53,1,4,0
BRDA:77,2,0,0
BRDA:77,2,1,0
BRF:8
BRH:0
end_of_record
TN:
SF:src/user/store/slices/cartSlice.ts
FN:11,(anonymous_6)
FN:17,(anonymous_7)
FN:25,(anonymous_8)
FN:35,(anonymous_9)
FN:39,(anonymous_10)
FN:41,(anonymous_11)
FN:44,(anonymous_12)
FN:52,(anonymous_13)
FN:56,(anonymous_14)
FN:59,(anonymous_15)
FN:67,(anonymous_16)
FN:71,(anonymous_17)
FN:74,(anonymous_18)
FN:82,(anonymous_19)
FNF:14
FNH:1
FNDA:0,(anonymous_6)
FNDA:0,(anonymous_7)
FNDA:0,(anonymous_8)
FNDA:0,(anonymous_9)
FNDA:2,(anonymous_10)
FNDA:0,(anonymous_11)
FNDA:0,(anonymous_12)
FNDA:0,(anonymous_13)
FNDA:0,(anonymous_14)
FNDA:0,(anonymous_15)
FNDA:0,(anonymous_16)
FNDA:0,(anonymous_17)
FNDA:0,(anonymous_18)
FNDA:0,(anonymous_19)
DA:1,2
DA:2,2
DA:4,2
DA:6,2
DA:11,2
DA:12,0
DA:15,2
DA:18,0
DA:19,0
DA:23,2
DA:26,0
DA:27,0
DA:31,2
DA:36,0
DA:40,2
DA:42,0
DA:45,0
DA:46,0
DA:48,0
DA:50,0
DA:53,0
DA:57,0
DA:60,0
DA:61,0
DA:62,0
DA:64,0
DA:68,0
DA:72,0
DA:75,0
DA:76,0
DA:77,0
DA:79,0
DA:83,0
DA:88,2
DA:89,2
LF:35
LH:11
BRDA:45,0,0,0
BRDA:45,0,1,0
BRDA:61,1,0,0
BRDA:61,1,1,0
BRDA:76,2,0,0
BRDA:76,2,1,0
BRF:6
BRH:0
end_of_record
TN:
SF:src/user/store/slices/errorSlice.ts
FN:12,(anonymous_1)
FN:31,(anonymous_2)
FN:34,(anonymous_3)
FN:43,(anonymous_4)
FN:66,(anonymous_5)
FN:67,(anonymous_6)
FN:77,(anonymous_7)
FN:78,(anonymous_8)
FNF:8
FNH:0
FNDA:0,(anonymous_1)
FNDA:0,(anonymous_2)
FNDA:0,(anonymous_3)
FNDA:0,(anonymous_4)
FNDA:0,(anonymous_5)
FNDA:0,(anonymous_6)
FNDA:0,(anonymous_7)
FNDA:0,(anonymous_8)
DA:1,2
DA:2,2
DA:3,2
DA:5,2
DA:7,2
DA:12,2
DA:18,0
DA:19,0
DA:20,0
DA:21,0
DA:22,0
DA:24,0
DA:27,2
DA:32,0
DA:36,0
DA:43,0
DA:44,0
DA:67,0
DA:68,0
DA:69,0
DA:70,0
DA:72,0
DA:74,0
DA:78,0
DA:83,2
DA:85,2
LF:26
LH:9
BRDA:15,0,0,0
BRDA:20,1,0,0
BRDA:20,1,1,0
BRDA:20,2,0,0
BRDA:20,2,1,0
BRDA:20,2,2,0
BRDA:21,3,0,0
BRDA:36,4,0,0
BRDA:36,4,1,0
BRDA:43,5,0,0
BRDA:45,6,0,0
BRDA:45,6,1,0
BRDA:58,7,0,0
BRDA:58,7,1,0
BRDA:61,8,0,0
BRDA:61,8,1,0
BRDA:68,9,0,0
BRDA:68,10,0,0
BRDA:68,10,1,0
BRDA:69,11,0,0
BRDA:69,12,0,0
BRDA:69,12,1,0
BRF:22
BRH:0
end_of_record
TN:
SF:src/user/store/slices/favoritesSlice.ts
FN:14,(anonymous_0)
FN:21,(anonymous_1)
FN:29,(anonymous_2)
FN:39,(anonymous_3)
FN:41,(anonymous_4)
FN:44,(anonymous_5)
FN:52,(anonymous_6)
FN:56,(anonymous_7)
FN:59,(anonymous_8)
FN:67,(anonymous_9)
FN:70,(anonymous_10)
FN:73,(anonymous_11)
FN:81,(anonymous_12)
FNF:13
FNH:1
FNDA:0,(anonymous_0)
FNDA:0,(anonymous_1)
FNDA:0,(anonymous_2)
FNDA:2,(anonymous_3)
FNDA:0,(anonymous_4)
FNDA:0,(anonymous_5)
FNDA:0,(anonymous_6)
FNDA:0,(anonymous_7)
FNDA:0,(anonymous_8)
FNDA:0,(anonymous_9)
FNDA:0,(anonymous_10)
FNDA:0,(anonymous_11)
FNDA:0,(anonymous_12)
DA:1,2
DA:2,2
DA:8,2
DA:10,2
DA:12,2
DA:15,0
DA:19,2
DA:22,0
DA:23,0
DA:27,2
DA:30,0
DA:31,0
DA:35,2
DA:40,2
DA:42,0
DA:45,0
DA:46,0
DA:48,0
DA:49,0
DA:53,0
DA:57,0
DA:60,0
DA:61,0
DA:63,0
DA:64,0
DA:68,0
DA:71,0
DA:74,0
DA:75,0
DA:77,0
DA:78,0
DA:82,0
DA:87,2
LF:33
LH:10
BRDA:45,0,0,0
BRDA:45,0,1,0
BRDA:60,1,0,0
BRDA:60,1,1,0
BRDA:74,2,0,0
BRDA:74,2,1,0
BRF:6
BRH:0
end_of_record
TN:
SF:src/user/store/slices/modalSlice.ts
FN:14,(anonymous_0)
FN:19,(anonymous_1)
FNF:2
FNH:0
FNDA:0,(anonymous_0)
FNDA:0,(anonymous_1)
DA:1,2
DA:4,2
DA:10,2
DA:15,0
DA:16,0
DA:17,0
DA:20,0
DA:25,2
DA:26,2
LF:9
LH:5
BRF:0
BRH:0
end_of_record
TN:
SF:src/user/store/slices/moviesSlice.ts
FN:28,(anonymous_0)
FN:55,(anonymous_1)
FN:58,(anonymous_2)
FN:61,(anonymous_3)
FN:64,(anonymous_4)
FN:67,(anonymous_5)
FN:71,(anonymous_6)
FN:73,(anonymous_7)
FN:76,(anonymous_8)
FN:91,(anonymous_9)
FNF:10
FNH:1
FNDA:0,(anonymous_0)
FNDA:0,(anonymous_1)
FNDA:0,(anonymous_2)
FNDA:0,(anonymous_3)
FNDA:0,(anonymous_4)
FNDA:0,(anonymous_5)
FNDA:2,(anonymous_6)
FNDA:0,(anonymous_7)
FNDA:0,(anonymous_8)
FNDA:0,(anonymous_9)
DA:1,2
DA:3,2
DA:4,2
DA:5,2
DA:26,2
DA:29,0
DA:36,0
DA:40,2
DA:51,2
DA:56,0
DA:59,0
DA:62,0
DA:65,0
DA:68,0
DA:72,2
DA:74,0
DA:77,0
DA:78,0
DA:79,0
DA:80,0
DA:81,0
DA:82,0
DA:84,0
DA:85,0
DA:86,0
DA:87,0
DA:88,0
DA:92,0
DA:97,2
DA:98,2
LF:30
LH:10
BRDA:77,0,0,0
BRDA:77,0,1,0
BRF:2
BRH:0
end_of_record
TN:
SF:src/user/store/slices/myMoviesSlice.ts
FN:16,(anonymous_6)
FN:26,(anonymous_7)
FN:28,(anonymous_8)
FN:31,(anonymous_9)
FN:39,(anonymous_10)
FNF:5
FNH:5
FNDA:1,(anonymous_6)
FNDA:2,(anonymous_7)
FNDA:1,(anonymous_8)
FNDA:2,(anonymous_9)
FNDA:1,(anonymous_10)
DA:1,2
DA:2,2
DA:4,2
DA:9,2
DA:14,2
DA:17,1
DA:18,1
DA:22,2
DA:27,2
DA:29,1
DA:32,2
DA:33,2
DA:34,1
DA:36,1
DA:40,1
DA:45,2
LF:16
LH:16
BRDA:33,0,0,1
BRDA:33,0,1,1
BRF:2
BRH:2
end_of_record
TN:
SF:src/user/store/slices/myOrdersSlice.ts
FN:20,(anonymous_6)
FN:27,(anonymous_7)
FN:36,(anonymous_8)
FN:38,(anonymous_9)
FN:42,(anonymous_10)
FN:50,(anonymous_11)
FN:53,(anonymous_12)
FN:57,(anonymous_13)
FN:65,(anonymous_14)
FNF:9
FNH:1
FNDA:0,(anonymous_6)
FNDA:0,(anonymous_7)
FNDA:2,(anonymous_8)
FNDA:0,(anonymous_9)
FNDA:0,(anonymous_10)
FNDA:0,(anonymous_11)
FNDA:0,(anonymous_12)
FNDA:0,(anonymous_13)
FNDA:0,(anonymous_14)
DA:1,2
DA:2,2
DA:4,2
DA:15,2
DA:20,2
DA:21,0
DA:22,0
DA:25,2
DA:28,0
DA:32,2
DA:37,2
DA:39,0
DA:40,0
DA:43,0
DA:44,0
DA:45,0
DA:47,0
DA:51,0
DA:54,0
DA:55,0
DA:58,0
DA:59,0
DA:60,0
DA:62,0
DA:66,0
DA:71,2
LF:26
LH:9
BRDA:43,0,0,0
BRDA:43,0,1,0
BRDA:59,1,0,0
BRDA:59,1,1,0
BRF:4
BRH:0
end_of_record
TN:
SF:src/utils/actionToDispatch.ts
FN:1,actionToDispatch
FNF:1
FNH:0
FNDA:0,actionToDispatch
DA:1,2
DA:8,0
LF:2
LH:1
BRF:0
BRH:0
end_of_record
TN:
SF:src/utils/convertQualityToNumber.ts
FN:3,(anonymous_0)
FN:13,(anonymous_1)
FNF:2
FNH:1
FNDA:0,(anonymous_0)
FNDA:13,(anonymous_1)
DA:1,3
DA:3,3
DA:4,0
DA:5,0
DA:7,0
DA:8,0
DA:10,0
DA:13,3
DA:14,13
DA:15,13
DA:17,0
DA:18,0
DA:20,0
LF:13
LH:5
BRDA:4,0,0,0
BRDA:7,1,0,0
BRDA:14,2,0,13
BRDA:17,3,0,0
BRF:4
BRH:1
end_of_record
TN:
SF:src/utils/customError.ts
FN:7,(anonymous_0)
FNF:1
FNH:0
FNDA:0,(anonymous_0)
DA:1,2
DA:2,2
DA:3,2
DA:6,2
DA:8,0
DA:9,0
DA:10,0
DA:11,0
DA:19,0
DA:20,0
LF:10
LH:4
BRDA:7,0,0,0
BRDA:8,1,0,0
BRDA:8,1,1,0
BRDA:10,2,0,0
BRDA:10,3,0,0
BRDA:10,3,1,0
BRDA:19,4,0,0
BRDA:19,5,0,0
BRDA:19,5,1,0
BRF:9
BRH:0
end_of_record
TN:
SF:src/utils/extractRouteParams.ts
FN:1,(anonymous_0)
FN:18,(anonymous_1)
FNF:2
FNH:0
FNDA:0,(anonymous_0)
FNDA:0,(anonymous_1)
DA:1,2
DA:6,0
DA:12,0
DA:15,0
DA:18,2
DA:23,0
DA:29,0
DA:31,0
LF:8
LH:2
BRDA:6,0,0,0
BRDA:7,1,0,0
BRDA:7,1,1,0
BRDA:7,1,2,0
BRDA:23,2,0,0
BRDA:24,3,0,0
BRDA:24,3,1,0
BRDA:24,3,2,0
BRF:8
BRH:0
end_of_record
TN:
SF:src/utils/extractsNumbersFromString.ts
FN:1,(anonymous_0)
FNF:1
FNH:0
FNDA:0,(anonymous_0)
DA:1,2
DA:2,0
LF:2
LH:1
BRDA:2,0,0,0
BRDA:2,0,1,0
BRF:2
BRH:0
end_of_record
TN:
SF:src/utils/getDaysHoursMinutesFromExpirationDate.ts
FN:3,(anonymous_1)
FN:15,(anonymous_2)
FNF:2
FNH:2
FNDA:15,(anonymous_1)
FNDA:16,(anonymous_2)
DA:1,3
DA:3,3
DA:6,15
DA:7,15
DA:8,15
DA:9,15
DA:10,15
DA:11,15
DA:12,15
DA:15,3
DA:24,16
LF:11
LH:11
BRDA:24,0,0,15
BRDA:24,0,1,1
BRF:2
BRH:2
end_of_record
TN:
SF:src/utils/index.ts
FN:1,(anonymous_0)
FN:2,(anonymous_1)
FN:3,(anonymous_2)
FN:5,(anonymous_3)
FN:6,(anonymous_4)
FN:7,(anonymous_5)
FN:9,(anonymous_6)
FN:10,(anonymous_7)
FNF:8
FNH:0
FNDA:0,(anonymous_0)
FNDA:0,(anonymous_1)
FNDA:0,(anonymous_2)
FNDA:0,(anonymous_3)
FNDA:0,(anonymous_4)
FNDA:0,(anonymous_5)
FNDA:0,(anonymous_6)
FNDA:0,(anonymous_7)
DA:1,2
DA:2,2
DA:3,2
DA:4,2
DA:5,2
DA:6,2
DA:7,2
DA:9,2
DA:10,2
LF:9
LH:9
BRF:0
BRH:0
end_of_record
TN:
SF:src/utils/url.ts
FN:11,(anonymous_0)
FN:19,(anonymous_1)
FNF:2
FNH:0
FNDA:0,(anonymous_0)
FNDA:0,(anonymous_1)
DA:1,2
DA:11,2
DA:18,0
DA:19,0
DA:23,0
DA:24,0
DA:26,0
DA:27,0
DA:29,0
DA:30,0
DA:32,0
DA:33,0
DA:35,0
DA:36,0
DA:38,0
DA:39,0
DA:41,0
DA:44,0
DA:47,0
LF:19
LH:2
BRDA:12,0,0,0
BRDA:13,1,0,0
BRDA:16,2,0,0
BRDA:26,3,0,0
BRDA:27,4,0,0
BRDA:27,4,1,0
BRDA:27,4,2,0
BRDA:27,4,3,0
BRDA:27,4,4,0
BRF:9
BRH:0
end_of_record
TN:
SF:src/utils/calculations/calcCostMovie.ts
FN:3,(anonymous_0)
FN:7,(anonymous_1)
FNF:2
FNH:0
FNDA:0,(anonymous_0)
FNDA:0,(anonymous_1)
DA:1,2
DA:3,2
DA:4,0
DA:7,2
DA:11,0
LF:5
LH:3
BRF:0
BRH:0
end_of_record
TN:
SF:src/utils/calculations/index.ts
FN:1,(anonymous_0)
FNF:1
FNH:0
FNDA:0,(anonymous_0)
DA:1,2
LF:1
LH:1
BRF:0
BRH:0
end_of_record
TN:
SF:src/utils/validations/index.ts
FN:1,(anonymous_0)
FN:2,(anonymous_1)
FN:3,(anonymous_2)
FNF:3
FNH:0
FNDA:0,(anonymous_0)
FNDA:0,(anonymous_1)
FNDA:0,(anonymous_2)
DA:1,2
DA:2,2
DA:3,2
LF:3
LH:3
BRF:0
BRH:0
end_of_record
TN:
SF:src/utils/validations/registerValidation.ts
FNF:0
FNH:0
DA:1,2
DA:3,2
LF:2
LH:2
BRF:0
BRH:0
end_of_record
TN:
SF:src/utils/validations/singInValidation.ts
FNF:0
FNH:0
DA:1,2
DA:3,2
LF:2
LH:2
BRF:0
BRH:0
end_of_record
TN:
SF:src/utils/validations/userProfileValidation.ts
FNF:0
FNH:0
DA:1,2
DA:3,2
LF:2
LH:2
BRF:0
BRH:0
end_of_record
